<?xml version="1.0" encoding="UTF-8"?>
<!-- Generated by org.testng.reporters.JUnitReportReporter -->
<testsuite hostname="DESKTOP-BITBKCU" failures="0" tests="6" name="com.magento.tests.RegisterTest" time="79.074" errors="0" timestamp="2024-10-10T02:14:25 PET" skipped="0">
  <testcase classname="com.magento.tests.RegisterTest" name="doRegisterNewAccountRequiredFields" time="12.160"/>
  <testcase classname="com.magento.tests.RegisterTest" name="doRegisterNewAccountNotmail" time="9.845"/>
  <testcase classname="com.magento.tests.RegisterTest" name="validacionCorreo" time="15.468"/>
  <testcase classname="com.magento.tests.RegisterTest" name="validacionclaveSegura" time="15.627"/>
  <testcase classname="com.magento.tests.RegisterTest" name="validacionclaveiguales" time="10.490"/>
  <testcase classname="com.magento.tests.RegisterTest" name="validacionCorreoDuplicado" time="15.484"/>
</testsuite> <!-- com.magento.tests.RegisterTest -->
