<?xml version="1.0" encoding="UTF-8"?>
<!-- Generated by org.testng.reporters.JUnitReportReporter -->
<testsuite hostname="DESKTOP-BITBKCU" failures="0" tests="5" name="com.magento.tests.LoginTest" time="65.727" errors="0" timestamp="2024-10-01T18:57:36 PET" skipped="0">
  <testcase classname="com.magento.tests.LoginTest" name="inicioSesionCredCorrectos" time="12.240"/>
  <testcase classname="com.magento.tests.LoginTest" name="inicioSesionCredInCorrectos" time="12.622"/>
  <testcase classname="com.magento.tests.LoginTest" name="inicioSesionSinCredenciales" time="11.642"/>
  <testcase classname="com.magento.tests.LoginTest" name="inicioSesionEmailNoRegistrado" time="16.472"/>
  <testcase classname="com.magento.tests.LoginTest" name="inicioSesionResetearClave" time="12.751"/>
</testsuite> <!-- com.magento.tests.LoginTest -->
