<?xml version="1.0" encoding="UTF-8"?>
<!-- Generated by org.testng.reporters.JUnitReportReporter -->
<testsuite hostname="DESKTOP-BITBKCU" failures="0" tests="4" name="com.magento.tests.OrderTest" time="246.928" errors="0" timestamp="2024-10-09T01:45:53 PET" skipped="0">
  <testcase classname="com.magento.tests.OrderTest" name="agregarProductosalCarrito" time="31.910"/>
  <testcase classname="com.magento.tests.OrderTest" name="checkout" time="96.879"/>
  <testcase classname="com.magento.tests.OrderTest" name="EliminarProductosdelCarrito" time="58.648"/>
  <testcase classname="com.magento.tests.OrderTest" name="ModCantProductosdelCarrito" time="59.491"/>
</testsuite> <!-- com.magento.tests.OrderTest -->
