<?xml version="1.0" encoding="UTF-8"?>
<!-- Generated by org.testng.reporters.JUnitReportReporter -->
<testsuite hostname="DESKTOP-BITBKCU" failures="0" tests="6" name="com.magento.tests.RegisterTest" time="88.320" errors="0" timestamp="2024-10-10T00:46:48 PET" skipped="0">
  <testcase classname="com.magento.tests.RegisterTest" name="doRegisterNewAccountRequiredFields" time="19.301"/>
  <testcase classname="com.magento.tests.RegisterTest" name="doRegisterNewAccountNotmail" time="8.808"/>
  <testcase classname="com.magento.tests.RegisterTest" name="validacionCorreo" time="15.422"/>
  <testcase classname="com.magento.tests.RegisterTest" name="validacionclaveSegura" time="16.226"/>
  <testcase classname="com.magento.tests.RegisterTest" name="validacionclaveiguales" time="9.504"/>
  <testcase classname="com.magento.tests.RegisterTest" name="validacionCorreoDuplicado" time="19.059"/>
</testsuite> <!-- com.magento.tests.RegisterTest -->
