<?xml version="1.0" encoding="UTF-8"?>
<!-- Generated by org.testng.reporters.JUnitReportReporter -->
<testsuite hostname="DESKTOP-BITBKCU" failures="0" tests="4" name="com.magento.tests.OrderTest" time="248.585" errors="0" timestamp="2024-10-12T21:00:36 PET" skipped="0">
  <testcase classname="com.magento.tests.OrderTest" name="agregarProductosalCarrito" time="36.450"/>
  <testcase classname="com.magento.tests.OrderTest" name="EliminarProductosdelCarrito" time="59.788"/>
  <testcase classname="com.magento.tests.OrderTest" name="ModCantProductosdelCarrito" time="59.399"/>
  <testcase classname="com.magento.tests.OrderTest" name="checkout" time="92.948"/>
</testsuite> <!-- com.magento.tests.OrderTest -->
