<?xml version="1.0" encoding="UTF-8"?>
<!-- Generated by org.testng.reporters.JUnitReportReporter -->
<testsuite hostname="DESKTOP-BITBKCU" failures="0" tests="6" name="com.magento.tests.RegisterTest" time="21.955" errors="0" timestamp="2024-10-12T00:24:12 PET" skipped="0">
  <testcase classname="com.magento.tests.RegisterTest" name="doRegisterNewAccountRequiredFields" time="7.411"/>
  <testcase classname="com.magento.tests.RegisterTest" name="doRegisterNewAccountNotmail" time="2.688"/>
  <testcase classname="com.magento.tests.RegisterTest" name="validacionCorreo" time="2.643"/>
  <testcase classname="com.magento.tests.RegisterTest" name="validacionclaveSegura" time="2.628"/>
  <testcase classname="com.magento.tests.RegisterTest" name="validacionclaveiguales" time="2.555"/>
  <testcase classname="com.magento.tests.RegisterTest" name="validacionCorreoDuplicado" time="4.030"/>
</testsuite> <!-- com.magento.tests.RegisterTest -->
