<?xml version="1.0" encoding="UTF-8"?>
<!-- Generated by org.testng.reporters.JUnitReportReporter -->
<testsuite hostname="DESKTOP-BITBKCU" failures="0" tests="5" name="com.magento.tests.LoginTest" time="20.879" errors="0" timestamp="2024-10-12T00:32:38 PET" skipped="0">
  <testcase classname="com.magento.tests.LoginTest" name="inicioSesionCredCorrectos" time="6.222"/>
  <testcase classname="com.magento.tests.LoginTest" name="inicioSesionCredInCorrectos" time="3.819"/>
  <testcase classname="com.magento.tests.LoginTest" name="inicioSesionSinCredenciales" time="2.450"/>
  <testcase classname="com.magento.tests.LoginTest" name="inicioSesionEmailNoRegistrado" time="3.532"/>
  <testcase classname="com.magento.tests.LoginTest" name="inicioSesionResetearClave" time="4.856"/>
</testsuite> <!-- com.magento.tests.LoginTest -->
