<?xml version="1.0" encoding="UTF-8"?>
<!-- Generated by org.testng.reporters.JUnitReportReporter -->
<testsuite hostname="DESKTOP-BITBKCU" failures="0" tests="5" name="com.magento.tests.LoginTest" time="80.383" errors="0" timestamp="2024-10-10T02:14:25 PET" skipped="0">
  <testcase classname="com.magento.tests.LoginTest" name="inicioSesionCredCorrectos" time="16.744"/>
  <testcase classname="com.magento.tests.LoginTest" name="inicioSesionCredInCorrectos" time="15.886"/>
  <testcase classname="com.magento.tests.LoginTest" name="inicioSesionSinCredenciales" time="13.369"/>
  <testcase classname="com.magento.tests.LoginTest" name="inicioSesionEmailNoRegistrado" time="17.770"/>
  <testcase classname="com.magento.tests.LoginTest" name="inicioSesionResetearClave" time="16.614"/>
</testsuite> <!-- com.magento.tests.LoginTest -->
